2014-02-12 15:51:39 Debug: 
From: "Alajatu.cl" <desarrollo@talaman.cl>
To: daniel.talaman@gmail.com
X-Mailer: CakePHP Email
Date: Wed, 12 Feb 2014 15:51:39 -0300
Message-ID: <52fbc2bbba404b95965810995bef6ad1@localhost>
Subject: About
MIME-Version: 1.0
Content-Type: text/plain; charset=UTF-8
Content-Transfer-Encoding: 8bit
My message


2014-02-12 15:52:00 Debug: 
From: "Alajatu.cl" <desarrollo@talaman.cl>
To: daniel.talaman@gmail.com
X-Mailer: CakePHP Email
Date: Wed, 12 Feb 2014 15:51:59 -0300
Message-ID: <52fbc2cf6a0445bf958e0f7e5bef6ad1@localhost>
Subject: Aboutttttt
MIME-Version: 1.0
Content-Type: text/plain; charset=UTF-8
Content-Transfer-Encoding: 8bit
My message


2014-02-12 15:52:56 Debug: 
From: "Alajatu.cl" <desarrollo@talaman.cl>
To: daniel.talaman@gmail.com
X-Mailer: CakePHP Email
Date: Wed, 12 Feb 2014 15:52:56 -0300
Message-ID: <52fbc3083920423088fe10275bef6ad1@localhost>
Subject: Aboutttttt
MIME-Version: 1.0
Content-Type: text/plain; charset=UTF-8
Content-Transfer-Encoding: 8bit
My message


2014-02-12 17:21:36 Debug: 
From: "Alajatu.cl" <desarrollo@talaman.cl>
To: daniel.talaman@gmail.com
X-Mailer: CakePHP Email
Date: Wed, 12 Feb 2014 17:21:36 -0300
Message-ID: <52fbd7d05fd042dc8ada10ae5bef6ad1@localhost>
Subject: Aboutttttt
MIME-Version: 1.0
Content-Type: text/plain; charset=UTF-8
Content-Transfer-Encoding: 8bit
My message


2014-02-12 17:22:35 Debug: 
From: "Alajatu.cl" <desarrollo@talaman.cl>
To: daniel.talaman@gmail.com
X-Mailer: CakePHP Email
Date: Wed, 12 Feb 2014 17:22:34 -0300
Message-ID: <52fbd80a349c4c3bb8570f7e5bef6ad1@localhost>
Subject: mensaje de haciendo
MIME-Version: 1.0
Content-Type: text/plain; charset=UTF-8
Content-Transfer-Encoding: 8bit
My message


2014-02-12 17:23:14 Debug: 
From: "Alajatu.cl" <desarrollo@talaman.cl>
To: daniel.talaman@gmail.com
X-Mailer: CakePHP Email
Date: Wed, 12 Feb 2014 17:23:14 -0300
Message-ID: <52fbd832f8d04af9b22c10ac5bef6ad1@localhost>
Subject: titulo de haciendo
MIME-Version: 1.0
Content-Type: text/plain; charset=UTF-8
Content-Transfer-Encoding: 8bit
mensaje de haciendo


2014-02-12 17:23:31 Debug: 
From: "Alajatu.cl" <desarrollo@talaman.cl>
To: daniel.talaman@gmail.com
X-Mailer: CakePHP Email
Date: Wed, 12 Feb 2014 17:23:30 -0300
Message-ID: <52fbd842033c44f4a32613905bef6ad1@localhost>
Subject: titulo de haciendo
MIME-Version: 1.0
Content-Type: text/plain; charset=UTF-8
Content-Transfer-Encoding: 8bit
mensaje de haciendo


